<?xml version="1.0" encoding="UTF-8"?>
<testng-results ignored="0" total="1" passed="1" failed="0" skipped="0">
  <reporter-output>
  </reporter-output>
  <suite started-at="2025-03-27T16:19:24 IST" name="Default suite" finished-at="2025-03-27T16:19:49 IST" duration-ms="25286">
    <groups>
    </groups>
    <test started-at="2025-03-27T16:19:24 IST" name="Default test" finished-at="2025-03-27T16:19:49 IST" duration-ms="25286">
      <class name="Api_runner.Register_shopper">
        <test-method signature="create()[pri:0, instance:Api_runner.Register_shopper@3f792b9b]" started-at="2025-03-27T16:19:24 IST" name="create" finished-at="2025-03-27T16:19:49 IST" duration-ms="25234" status="PASS">
          <reporter-output>
          </reporter-output>
        </test-method> <!-- create -->
      </class> <!-- Api_runner.Register_shopper -->
    </test> <!-- Default test -->
  </suite> <!-- Default suite -->
</testng-results>
