<?xml version="1.0" encoding="UTF-8"?>
<!-- Generated by org.testng.reporters.JUnitXMLReporter -->
<testsuite ignored="1" hostname="LAPTOP-OU3JA01D" failures="1" tests="14" name="Test" time="0.453" errors="0" timestamp="2024-12-08T14:38:10 IST">
  <testcase classname="testNG.ScriptDependsonmethod" name="signup" time="0.034"/>
  <testcase classname="testNG.ScriptDependsonmethod" name="login" time="0.003">
    <failure type="java.lang.AssertionError" message="null">
      <![CDATA[java.lang.AssertionError: null
at testNG.ScriptDependsonmethod.login(ScriptDependsonmethod.java:14)
at java.base/java.util.ArrayList.forEach(ArrayList.java:1511)
... Removed 29 stack frames]]>
    </failure>
  </testcase> <!-- login -->
  <testcase classname="testNG.ScriptDependsonmethod" name="home" time="0.0">
    <skipped/>
  </testcase> <!-- home -->
  <testcase classname="testNG.ScriptDependsonmethod" name="logout" time="0.0">
    <skipped/>
  </testcase> <!-- logout -->
  <testcase classname="testNG.ScriptPriority" name="signup" time="0.006"/>
  <testcase classname="testNG.ScriptPriority" name="login" time="0.022"/>
  <testcase classname="testNG.ScriptPriority" name="homepg" time="0.01"/>
  <testcase classname="testNG.ScriptPriority" name="logout" time="0.012"/>
  <testcase classname="testNG.Script01" name="Testcase" time="0.012"/>
  <testcase classname="testNG.Script01" name="Testcase1" time="0.017"/>
  <testcase classname="testNG.ScriptEnabled" name="login" time="0.006"/>
  <testcase classname="testNG.ScriptEnabled" name="logout" time="0.003"/>
  <testcase classname="testNG.ScriptEnabled" name="signup" time="0.015"/>
  <testcase classname="testNG.Script2" name="Testcase" time="0.009"/>
  <testcase classname="testNG.ScriptEnabled" name="homepg" time="0.0">
    <ignored/>
  </testcase> <!-- homepg -->
</testsuite> <!-- Test -->
