<?xml version="1.0" encoding="UTF-8"?>
<testng-results ignored="0" total="1" passed="1" failed="0" skipped="0">
  <reporter-output>
  </reporter-output>
  <suite started-at="2024-12-05T11:36:52 IST" name="Default suite" finished-at="2024-12-05T11:37:11 IST" duration-ms="19101">
    <groups>
    </groups>
    <test started-at="2024-12-05T11:36:52 IST" name="Default test" finished-at="2024-12-05T11:37:11 IST" duration-ms="19101">
      <class name="Testcase.Basescript01">
        <test-method signature="testcase()[pri:0, instance:Testcase.Basescript01@5a45133e]" started-at="2024-12-05T11:36:52 IST" name="testcase" finished-at="2024-12-05T11:37:11 IST" duration-ms="19017" status="PASS">
          <reporter-output>
          </reporter-output>
        </test-method> <!-- testcase -->
      </class> <!-- Testcase.Basescript01 -->
    </test> <!-- Default test -->
  </suite> <!-- Default suite -->
</testng-results>
